../src/bufferutil.cc:26:30: error: 'v8::Handle' has not been declared
   26 |   static void Initialize(v8::Handle<v8::Object> target)
      |                              ^~~~~~
../src/bufferutil.cc:26:36: error: expected ',' or '...' before '<' token
   26 |   static void Initialize(v8::Handle<v8::Object> target)
      |                                    ^
../src/bufferutil.cc: In static member function 'static void BufferUtil::Initialize(int)':
../src/bufferutil.cc:34:14: error: 'target' was not declared in this scope
   34 |     Nan::Set(target, Nan::New<String>("BufferUtil").ToLocalChecked(), t->GetFunction());
      |              ^~~~~~
../src/bufferutil.cc:34:86: error: no matching function for call to 'v8::FunctionTemplate::GetFunction()'
   34 |     Nan::Set(target, Nan::New<String>("BufferUtil").ToLocalChecked(), t->GetFunction());
      |                                                                                      ^
In file included from ../src/bufferutil.cc:8:
/home/codespace/.cache/node-gyp/14.20.1/include/node/v8.h:6482:46: note: candidate: 'v8::MaybeLocal<v8::Function> v8::FunctionTemplate::GetFunction(v8::Local<v8::Context>)'
 6482 |   V8_WARN_UNUSED_RESULT MaybeLocal<Function> GetFunction(
      |                                              ^~~~~~~~~~~
/home/codespace/.cache/node-gyp/14.20.1/include/node/v8.h:6482:46: note:   candidate expects 1 argument, 0 provided
../src/bufferutil.cc: In static member function 'static Nan::NAN_METHOD_RETURN_TYPE BufferUtil::Merge(Nan::NAN_METHOD_ARGS_TYPE)':
../src/bufferutil.cc:50:49: error: no matching function for call to 'v8::Value::ToObject()'
   50 |     Local<Object> bufferObj = info[0]->ToObject();
      |                                                 ^
In file included from ../src/bufferutil.cc:8:
/home/codespace/.cache/node-gyp/14.20.1/include/node/v8.h:2822:44: note: candidate: 'v8::MaybeLocal<v8::Object> v8::Value::ToObject(v8::Local<v8::Context>) const'
 2822 |   V8_WARN_UNUSED_RESULT MaybeLocal<Object> ToObject(
      |                                            ^~~~~~~~
/home/codespace/.cache/node-gyp/14.20.1/include/node/v8.h:2822:44: note:   candidate expects 1 argument, 0 provided
../src/bufferutil.cc:57:39: error: no matching function for call to 'v8::Array::Get(unsigned int&)'
   57 |       Local<Object> src = array->Get(i)->ToObject();
      |                                       ^
In file included from ../src/bufferutil.cc:8:
/home/codespace/.cache/node-gyp/14.20.1/include/node/v8.h:3717:43: note: candidate: 'v8::MaybeLocal<v8::Value> v8::Object::Get(v8::Local<v8::Context>, v8::Local<v8::Value>)'
 3717 |   V8_WARN_UNUSED_RESULT MaybeLocal<Value> Get(Local<Context> context,
      |                                           ^~~
/home/codespace/.cache/node-gyp/14.20.1/include/node/v8.h:3717:43: note:   candidate expects 2 arguments, 1 provided
/home/codespace/.cache/node-gyp/14.20.1/include/node/v8.h:3720:43: note: candidate: 'v8::MaybeLocal<v8::Value> v8::Object::Get(v8::Local<v8::Context>, uint32_t)'
 3720 |   V8_WARN_UNUSED_RESULT MaybeLocal<Value> Get(Local<Context> context,
      |                                           ^~~
/home/codespace/.cache/node-gyp/14.20.1/include/node/v8.h:3720:43: note:   candidate expects 2 arguments, 1 provided
../src/bufferutil.cc: In static member function 'static Nan::NAN_METHOD_RETURN_TYPE BufferUtil::Unmask(Nan::NAN_METHOD_ARGS_TYPE)':
../src/bufferutil.cc:68:50: error: no matching function for call to 'v8::Value::ToObject()'
   68 |     Local<Object> buffer_obj = info[0]->ToObject();
      |                                                  ^
In file included from ../src/bufferutil.cc:8:
/home/codespace/.cache/node-gyp/14.20.1/include/node/v8.h:2822:44: note: candidate: 'v8::MaybeLocal<v8::Object> v8::Value::ToObject(v8::Local<v8::Context>) const'
 2822 |   V8_WARN_UNUSED_RESULT MaybeLocal<Object> ToObject(
      |                                            ^~~~~~~~
/home/codespace/.cache/node-gyp/14.20.1/include/node/v8.h:2822:44: note:   candidate expects 1 argument, 0 provided
../src/bufferutil.cc:70:48: error: no matching function for call to 'v8::Value::ToObject()'
   70 |     Local<Object> mask_obj = info[1]->ToObject();
      |                                                ^
In file included from ../src/bufferutil.cc:8:
/home/codespace/.cache/node-gyp/14.20.1/include/node/v8.h:2822:44: note: candidate: 'v8::MaybeLocal<v8::Object> v8::Value::ToObject(v8::Local<v8::Context>) const'
 2822 |   V8_WARN_UNUSED_RESULT MaybeLocal<Object> ToObject(
      |                                            ^~~~~~~~
/home/codespace/.cache/node-gyp/14.20.1/include/node/v8.h:2822:44: note:   candidate expects 1 argument, 0 provided
../src/bufferutil.cc: In static member function 'static Nan::NAN_METHOD_RETURN_TYPE BufferUtil::Mask(Nan::NAN_METHOD_ARGS_TYPE)':
../src/bufferutil.cc:89:50: error: no matching function for call to 'v8::Value::ToObject()'
   89 |     Local<Object> buffer_obj = info[0]->ToObject();
      |                                                  ^
In file included from ../src/bufferutil.cc:8:
/home/codespace/.cache/node-gyp/14.20.1/include/node/v8.h:2822:44: note: candidate: 'v8::MaybeLocal<v8::Object> v8::Value::ToObject(v8::Local<v8::Context>) const'
 2822 |   V8_WARN_UNUSED_RESULT MaybeLocal<Object> ToObject(
      |                                            ^~~~~~~~
/home/codespace/.cache/node-gyp/14.20.1/include/node/v8.h:2822:44: note:   candidate expects 1 argument, 0 provided
../src/bufferutil.cc:90:48: error: no matching function for call to 'v8::Value::ToObject()'
   90 |     Local<Object> mask_obj = info[1]->ToObject();
      |                                                ^
In file included from ../src/bufferutil.cc:8:
/home/codespace/.cache/node-gyp/14.20.1/include/node/v8.h:2822:44: note: candidate: 'v8::MaybeLocal<v8::Object> v8::Value::ToObject(v8::Local<v8::Context>) const'
 2822 |   V8_WARN_UNUSED_RESULT MaybeLocal<Object> ToObject(
      |                                            ^~~~~~~~
/home/codespace/.cache/node-gyp/14.20.1/include/node/v8.h:2822:44: note:   candidate expects 1 argument, 0 provided
../src/bufferutil.cc:92:50: error: no matching function for call to 'v8::Value::ToObject()'
   92 |     Local<Object> output_obj = info[2]->ToObject();
      |                                                  ^
In file included from ../src/bufferutil.cc:8:
/home/codespace/.cache/node-gyp/14.20.1/include/node/v8.h:2822:44: note: candidate: 'v8::MaybeLocal<v8::Object> v8::Value::ToObject(v8::Local<v8::Context>) const'
 2822 |   V8_WARN_UNUSED_RESULT MaybeLocal<Object> ToObject(
      |                                            ^~~~~~~~
/home/codespace/.cache/node-gyp/14.20.1/include/node/v8.h:2822:44: note:   candidate expects 1 argument, 0 provided
../src/bufferutil.cc:93:51: error: no matching function for call to 'v8::Value::Int32Value()'
   93 |     unsigned int dataOffset = info[3]->Int32Value();
      |                                                   ^
In file included from ../src/bufferutil.cc:8:
/home/codespace/.cache/node-gyp/14.20.1/include/node/v8.h:2869:40: note: candidate: 'v8::Maybe<int> v8::Value::Int32Value(v8::Local<v8::Context>) const'
 2869 |   V8_WARN_UNUSED_RESULT Maybe<int32_t> Int32Value(Local<Context> context) const;
      |                                        ^~~~~~~~~~
/home/codespace/.cache/node-gyp/14.20.1/include/node/v8.h:2869:40: note:   candidate expects 1 argument, 0 provided
../src/bufferutil.cc:94:47: error: no matching function for call to 'v8::Value::Int32Value()'
   94 |     unsigned int length = info[4]->Int32Value();
      |                                               ^
In file included from ../src/bufferutil.cc:8:
/home/codespace/.cache/node-gyp/14.20.1/include/node/v8.h:2869:40: note: candidate: 'v8::Maybe<int> v8::Value::Int32Value(v8::Local<v8::Context>) const'
 2869 |   V8_WARN_UNUSED_RESULT Maybe<int32_t> Int32Value(Local<Context> context) const;
      |                                        ^~~~~~~~~~
/home/codespace/.cache/node-gyp/14.20.1/include/node/v8.h:2869:40: note:   candidate expects 1 argument, 0 provided
../src/bufferutil.cc: At global scope:
../src/bufferutil.cc:115:12: error: variable or field 'init' declared void
  115 | void init (Handle<Object> target)
      |            ^~~~~~
../src/bufferutil.cc:115:12: error: 'Handle' was not declared in this scope
../src/bufferutil.cc:115:25: error: expected primary-expression before '>' token
  115 | void init (Handle<Object> target)
      |                         ^
../src/bufferutil.cc:115:27: error: 'target' was not declared in this scope
  115 | void init (Handle<Object> target)
      |                           ^~~~~~
In file included from ../src/bufferutil.cc:9:
../src/bufferutil.cc:121:25: error: 'init' was not declared in this scope; did you mean 'int'?
  121 | NODE_MODULE(bufferutil, init)
      |                         ^~~~
/home/codespace/.cache/node-gyp/14.20.1/include/node/node.h:793:36: note: in definition of macro 'NODE_MODULE_X'
  793 |       (node::addon_register_func) (regfunc),                          \
      |                                    ^~~~~~~
../src/bufferutil.cc:121:1: note: in expansion of macro 'NODE_MODULE'
  121 | NODE_MODULE(bufferutil, init)
      | ^~~~~~~~~~~
In file included from ../src/bufferutil.cc:8:
/home/codespace/.cache/node-gyp/14.20.1/include/node/v8.h: In instantiation of 'void v8::PersistentBase<T>::SetWeak(P*, typename v8::WeakCallbackInfo<P>::Callback, v8::WeakCallbackType) [with P = node::ObjectWrap; T = v8::Object; typename v8::WeakCallbackInfo<P>::Callback = void (*)(const v8::WeakCallbackInfo<node::ObjectWrap>&)]':
/home/codespace/.cache/node-gyp/14.20.1/include/node/node_object_wrap.h:85:78:   required from here
/home/codespace/.cache/node-gyp/14.20.1/include/node/v8.h:10886:16: warning: cast between incompatible function types from 'v8::WeakCallbackInfo<node::ObjectWrap>::Callback' {aka 'void (*)(const v8::WeakCallbackInfo<node::ObjectWrap>&)'} to 'Callback' {aka 'void (*)(const v8::WeakCallbackInfo<void>&)'} [-Wcast-function-type]
10886 |                reinterpret_cast<Callback>(callback), type);
      |                ^~~~~~~~~~~~~~~~~~~~~~~~~~~~~~~~~~~~
/home/codespace/.cache/node-gyp/14.20.1/include/node/v8.h: In instantiation of 'void v8::PersistentBase<T>::SetWeak(P*, typename v8::WeakCallbackInfo<P>::Callback, v8::WeakCallbackType) [with P = Nan::ObjectWrap; T = v8::Object; typename v8::WeakCallbackInfo<P>::Callback = void (*)(const v8::WeakCallbackInfo<Nan::ObjectWrap>&)]':
../../nan/nan_object_wrap.h:65:61:   required from here
/home/codespace/.cache/node-gyp/14.20.1/include/node/v8.h:10886:16: warning: cast between incompatible function types from 'v8::WeakCallbackInfo<Nan::ObjectWrap>::Callback' {aka 'void (*)(const v8::WeakCallbackInfo<Nan::ObjectWrap>&)'} to 'Callback' {aka 'void (*)(const v8::WeakCallbackInfo<void>&)'} [-Wcast-function-type]
make: *** [bufferutil.target.mk:112: Release/obj.target/bufferutil/src/bufferutil.o] Error 1
gyp ERR! build error 
gyp ERR! stack Error: `make` failed with exit code: 2
gyp ERR! stack     at ChildProcess.onExit (/opt/nodejs/14.20.1/lib/node_modules/npm/node_modules/node-gyp/lib/build.js:194:23)
gyp ERR! stack     at ChildProcess.emit (events.js:400:28)
gyp ERR! stack     at Process.ChildProcess._handle.onexit (internal/child_process.js:285:12)
gyp ERR! System Linux 5.4.0-1094-azure
gyp ERR! command "/opt/nodejs/14.20.1/bin/node" "/opt/nodejs/14.20.1/lib/node_modules/npm/node_modules/node-gyp/bin/node-gyp.js" "rebuild"
gyp ERR! cwd /workspaces/Wampum/node_modules/websocket
gyp ERR! node -v v14.20.1
gyp ERR! node-gyp -v v5.1.0
gyp ERR! not ok 
